[2026-01-13 21:26:10] local.ERROR: Uncaught Error: Class "Monolog\Logger" not found in C:\Users\cerib\OneDrive\Área de Trabalho\Desafio_InMedian\desafio-fullstack-main\api\vendor\laravel\framework\src\Illuminate\Log\LogManager.php:16
Stack trace:
#0 C:\Users\cerib\OneDrive\Área de Trabalho\Desafio_InMedian\desafio-fullstack-main\api\vendor\laravel\framework\src\Illuminate\Log\LogServiceProvider.php(17): [constant expression]()
#1 C:\Users\cerib\OneDrive\Área de Trabalho\Desafio_InMedian\desafio-fullstack-main\api\vendor\laravel\framework\src\Illuminate\Container\Container.php(885): Illuminate\Log\LogServiceProvider->{closure:Illuminate\Log\LogServiceProvider::register():16}(Object(Illuminate\Foundation\Application), Array)
#2 C:\Users\cerib\OneDrive\Área de Trabalho\Desafio_InMedian\desafio-fullstack-main\api\vendor\laravel\framework\src\Illuminate\Container\Container.php(770): Illuminate\Container\Container->build(Object(Closure))
#3 C:\Users\cerib\OneDrive\Área de Trabalho\Desafio_InMedian\desafio-fullstack-main\api\vendor\laravel\framework\src\Illuminate\Foundation\Application.php(856): Illuminate\Container\Container->resolve('log', Array, true)
#4 C:\Users\cerib\OneDrive\Área de Trabalho\Desafio_InMedian\desafio-fullstack-main\api\vendor\laravel\framework\src\Illuminate\Container\Container.php(706): Illuminate\Foundation\Application->resolve('log', Array)
#5 C:\Users\cerib\OneDrive\Área de Trabalho\Desafio_InMedian\desafio-fullstack-main\api\vendor\laravel\framework\src\Illuminate\Foundation\Application.php(841): Illuminate\Container\Container->make('log', Array)
#6 C:\Users\cerib\OneDrive\Área de Trabalho\Desafio_InMedian\desafio-fullstack-main\api\vendor\laravel\framework\src\Illuminate\Foundation\Bootstrap\HandleExceptions.php(108): Illuminate\Foundation\Application->make('log')
#7 C:\Users\cerib\OneDrive\Área de Trabalho\Desafio_InMedian\desafio-fullstack-main\api\vendor\laravel\framework\src\Illuminate\Foundation\Bootstrap\HandleExceptions.php(71): Illuminate\Foundation\Bootstrap\HandleExceptions->handleDeprecationError('Monolog\\Logger:...', 'C:\\Users\\cerib\\...', 340, 8192)
#8 C:\Users\cerib\OneDrive\Área de Trabalho\Desafio_InMedian\desafio-fullstack-main\api\vendor\laravel\framework\src\Illuminate\Foundation\Bootstrap\HandleExceptions.php(270): Illuminate\Foundation\Bootstrap\HandleExceptions->handleError(8192, 'Monolog\\Logger:...', 'C:\\Users\\cerib\\...', 340)
#9 phar://C:/Program Files/Herd/resources/app.asar.unpacked/resources/valet/dump.phar/vendor/composer/ClassLoader.php(576): Illuminate\Foundation\Bootstrap\HandleExceptions->{closure:Illuminate\Foundation\Bootstrap\HandleExceptions::forwardsTo():269}(8192, 'Monolog\\Logger:...', 'C:\\Users\\cerib\\...', 340)
#10 phar://C:/Program Files/Herd/resources/app.asar.unpacked/resources/valet/dump.phar/vendor/composer/ClassLoader.php(576): include('C:\\Users\\cerib\\...')
#11 phar://C:/Program Files/Herd/resources/app.asar.unpacked/resources/valet/dump.phar/vendor/composer/ClassLoader.php(427): {closure:Composer\Autoload\ClassLoader::initializeIncludeClosure():575}('C:\\Users\\cerib\\...')
#12 C:\Users\cerib\OneDrive\Área de Trabalho\Desafio_InMedian\desafio-fullstack-main\api\vendor\laravel\framework\src\Illuminate\Log\LogServiceProvider.php(17): Composer\Autoload\ClassLoader->loadClass('Monolog\\Logger')
#13 C:\Users\cerib\OneDrive\Área de Trabalho\Desafio_InMedian\desafio-fullstack-main\api\vendor\laravel\framework\src\Illuminate\Container\Container.php(885): Illuminate\Log\LogServiceProvider->{closure:Illuminate\Log\LogServiceProvider::register():16}(Object(Illuminate\Foundation\Application), Array)
#14 C:\Users\cerib\OneDrive\Área de Trabalho\Desafio_InMedian\desafio-fullstack-main\api\vendor\laravel\framework\src\Illuminate\Container\Container.php(770): Illuminate\Container\Container->build(Object(Closure))
#15 C:\Users\cerib\OneDrive\Área de Trabalho\Desafio_InMedian\desafio-fullstack-main\api\vendor\laravel\framework\src\Illuminate\Foundation\Application.php(856): Illuminate\Container\Container->resolve('log', Array, true)
#16 C:\Users\cerib\OneDrive\Área de Trabalho\Desafio_InMedian\desafio-fullstack-main\api\vendor\laravel\framework\src\Illuminate\Container\Container.php(706): Illuminate\Foundation\Application->resolve('log', Array)
#17 C:\Users\cerib\OneDrive\Área de Trabalho\Desafio_InMedian\desafio-fullstack-main\api\vendor\laravel\framework\src\Illuminate\Foundation\Application.php(841): Illuminate\Container\Container->make('log', Array)
#18 C:\Users\cerib\OneDrive\Área de Trabalho\Desafio_InMedian\desafio-fullstack-main\api\vendor\laravel\framework\src\Illuminate\Foundation\Exceptions\Handler.php(262): Illuminate\Foundation\Application->make('log')
#19 C:\Users\cerib\OneDrive\Área de Trabalho\Desafio_InMedian\desafio-fullstack-main\api\vendor\laravel\framework\src\Illuminate\Foundation\Bootstrap\HandleExceptions.php(198): Illuminate\Foundation\Exceptions\Handler->report(Object(Error))
#20 C:\Users\cerib\OneDrive\Área de Trabalho\Desafio_InMedian\desafio-fullstack-main\api\vendor\laravel\framework\src\Illuminate\Foundation\Bootstrap\HandleExceptions.php(270): Illuminate\Foundation\Bootstrap\HandleExceptions->handleException(Object(Error))
#21 [internal function]: Illuminate\Foundation\Bootstrap\HandleExceptions->{closure:Illuminate\Foundation\Bootstrap\HandleExceptions::forwardsTo():269}(Object(Error))
#22 {main}
  thrown {"exception":"[object] (Symfony\\Component\\ErrorHandler\\Error\\FatalError(code: 0): Uncaught Error: Class \"Monolog\\Logger\" not found in C:\\Users\\cerib\\OneDrive\\Área de Trabalho\\Desafio_InMedian\\desafio-fullstack-main\\api\\vendor\\laravel\\framework\\src\\Illuminate\\Log\\LogManager.php:16
Stack trace:
#0 C:\\Users\\cerib\\OneDrive\\Área de Trabalho\\Desafio_InMedian\\desafio-fullstack-main\\api\\vendor\\laravel\\framework\\src\\Illuminate\\Log\\LogServiceProvider.php(17): [constant expression]()
#1 C:\\Users\\cerib\\OneDrive\\Área de Trabalho\\Desafio_InMedian\\desafio-fullstack-main\\api\\vendor\\laravel\\framework\\src\\Illuminate\\Container\\Container.php(885): Illuminate\\Log\\LogServiceProvider->{closure:Illuminate\\Log\\LogServiceProvider::register():16}(Object(Illuminate\\Foundation\\Application), Array)
#2 C:\\Users\\cerib\\OneDrive\\Área de Trabalho\\Desafio_InMedian\\desafio-fullstack-main\\api\\vendor\\laravel\\framework\\src\\Illuminate\\Container\\Container.php(770): Illuminate\\Container\\Container->build(Object(Closure))
#3 C:\\Users\\cerib\\OneDrive\\Área de Trabalho\\Desafio_InMedian\\desafio-fullstack-main\\api\\vendor\\laravel\\framework\\src\\Illuminate\\Foundation\\Application.php(856): Illuminate\\Container\\Container->resolve('log', Array, true)
#4 C:\\Users\\cerib\\OneDrive\\Área de Trabalho\\Desafio_InMedian\\desafio-fullstack-main\\api\\vendor\\laravel\\framework\\src\\Illuminate\\Container\\Container.php(706): Illuminate\\Foundation\\Application->resolve('log', Array)
#5 C:\\Users\\cerib\\OneDrive\\Área de Trabalho\\Desafio_InMedian\\desafio-fullstack-main\\api\\vendor\\laravel\\framework\\src\\Illuminate\\Foundation\\Application.php(841): Illuminate\\Container\\Container->make('log', Array)
#6 C:\\Users\\cerib\\OneDrive\\Área de Trabalho\\Desafio_InMedian\\desafio-fullstack-main\\api\\vendor\\laravel\\framework\\src\\Illuminate\\Foundation\\Bootstrap\\HandleExceptions.php(108): Illuminate\\Foundation\\Application->make('log')
#7 C:\\Users\\cerib\\OneDrive\\Área de Trabalho\\Desafio_InMedian\\desafio-fullstack-main\\api\\vendor\\laravel\\framework\\src\\Illuminate\\Foundation\\Bootstrap\\HandleExceptions.php(71): Illuminate\\Foundation\\Bootstrap\\HandleExceptions->handleDeprecationError('Monolog\\\\Logger:...', 'C:\\\\Users\\\\cerib\\\\...', 340, 8192)
#8 C:\\Users\\cerib\\OneDrive\\Área de Trabalho\\Desafio_InMedian\\desafio-fullstack-main\\api\\vendor\\laravel\\framework\\src\\Illuminate\\Foundation\\Bootstrap\\HandleExceptions.php(270): Illuminate\\Foundation\\Bootstrap\\HandleExceptions->handleError(8192, 'Monolog\\\\Logger:...', 'C:\\\\Users\\\\cerib\\\\...', 340)
#9 phar://C:/Program Files/Herd/resources/app.asar.unpacked/resources/valet/dump.phar/vendor/composer/ClassLoader.php(576): Illuminate\\Foundation\\Bootstrap\\HandleExceptions->{closure:Illuminate\\Foundation\\Bootstrap\\HandleExceptions::forwardsTo():269}(8192, 'Monolog\\\\Logger:...', 'C:\\\\Users\\\\cerib\\\\...', 340)
#10 phar://C:/Program Files/Herd/resources/app.asar.unpacked/resources/valet/dump.phar/vendor/composer/ClassLoader.php(576): include('C:\\\\Users\\\\cerib\\\\...')
#11 phar://C:/Program Files/Herd/resources/app.asar.unpacked/resources/valet/dump.phar/vendor/composer/ClassLoader.php(427): {closure:Composer\\Autoload\\ClassLoader::initializeIncludeClosure():575}('C:\\\\Users\\\\cerib\\\\...')
#12 C:\\Users\\cerib\\OneDrive\\Área de Trabalho\\Desafio_InMedian\\desafio-fullstack-main\\api\\vendor\\laravel\\framework\\src\\Illuminate\\Log\\LogServiceProvider.php(17): Composer\\Autoload\\ClassLoader->loadClass('Monolog\\\\Logger')
#13 C:\\Users\\cerib\\OneDrive\\Área de Trabalho\\Desafio_InMedian\\desafio-fullstack-main\\api\\vendor\\laravel\\framework\\src\\Illuminate\\Container\\Container.php(885): Illuminate\\Log\\LogServiceProvider->{closure:Illuminate\\Log\\LogServiceProvider::register():16}(Object(Illuminate\\Foundation\\Application), Array)
#14 C:\\Users\\cerib\\OneDrive\\Área de Trabalho\\Desafio_InMedian\\desafio-fullstack-main\\api\\vendor\\laravel\\framework\\src\\Illuminate\\Container\\Container.php(770): Illuminate\\Container\\Container->build(Object(Closure))
#15 C:\\Users\\cerib\\OneDrive\\Área de Trabalho\\Desafio_InMedian\\desafio-fullstack-main\\api\\vendor\\laravel\\framework\\src\\Illuminate\\Foundation\\Application.php(856): Illuminate\\Container\\Container->resolve('log', Array, true)
#16 C:\\Users\\cerib\\OneDrive\\Área de Trabalho\\Desafio_InMedian\\desafio-fullstack-main\\api\\vendor\\laravel\\framework\\src\\Illuminate\\Container\\Container.php(706): Illuminate\\Foundation\\Application->resolve('log', Array)
#17 C:\\Users\\cerib\\OneDrive\\Área de Trabalho\\Desafio_InMedian\\desafio-fullstack-main\\api\\vendor\\laravel\\framework\\src\\Illuminate\\Foundation\\Application.php(841): Illuminate\\Container\\Container->make('log', Array)
#18 C:\\Users\\cerib\\OneDrive\\Área de Trabalho\\Desafio_InMedian\\desafio-fullstack-main\\api\\vendor\\laravel\\framework\\src\\Illuminate\\Foundation\\Exceptions\\Handler.php(262): Illuminate\\Foundation\\Application->make('log')
#19 C:\\Users\\cerib\\OneDrive\\Área de Trabalho\\Desafio_InMedian\\desafio-fullstack-main\\api\\vendor\\laravel\\framework\\src\\Illuminate\\Foundation\\Bootstrap\\HandleExceptions.php(198): Illuminate\\Foundation\\Exceptions\\Handler->report(Object(Error))
#20 C:\\Users\\cerib\\OneDrive\\Área de Trabalho\\Desafio_InMedian\\desafio-fullstack-main\\api\\vendor\\laravel\\framework\\src\\Illuminate\\Foundation\\Bootstrap\\HandleExceptions.php(270): Illuminate\\Foundation\\Bootstrap\\HandleExceptions->handleException(Object(Error))
#21 [internal function]: Illuminate\\Foundation\\Bootstrap\\HandleExceptions->{closure:Illuminate\\Foundation\\Bootstrap\\HandleExceptions::forwardsTo():269}(Object(Error))
#22 {main}
  thrown at C:\\Users\\cerib\\OneDrive\\Área de Trabalho\\Desafio_InMedian\\desafio-fullstack-main\\api\\vendor\\laravel\\framework\\src\\Illuminate\\Log\\LogManager.php:16)
[stacktrace]
#0 {main}
"} 
[2026-01-13 21:30:03] local.ERROR: Uncaught Error: Class "Monolog\Logger" not found in C:\Users\cerib\OneDrive\Área de Trabalho\Desafio_InMedian\desafio-fullstack-main\api\vendor\laravel\framework\src\Illuminate\Log\LogManager.php:16
Stack trace:
#0 C:\Users\cerib\OneDrive\Área de Trabalho\Desafio_InMedian\desafio-fullstack-main\api\vendor\laravel\framework\src\Illuminate\Log\LogServiceProvider.php(17): [constant expression]()
#1 C:\Users\cerib\OneDrive\Área de Trabalho\Desafio_InMedian\desafio-fullstack-main\api\vendor\laravel\framework\src\Illuminate\Container\Container.php(885): Illuminate\Log\LogServiceProvider->{closure:Illuminate\Log\LogServiceProvider::register():16}(Object(Illuminate\Foundation\Application), Array)
#2 C:\Users\cerib\OneDrive\Área de Trabalho\Desafio_InMedian\desafio-fullstack-main\api\vendor\laravel\framework\src\Illuminate\Container\Container.php(770): Illuminate\Container\Container->build(Object(Closure))
#3 C:\Users\cerib\OneDrive\Área de Trabalho\Desafio_InMedian\desafio-fullstack-main\api\vendor\laravel\framework\src\Illuminate\Foundation\Application.php(856): Illuminate\Container\Container->resolve('log', Array, true)
#4 C:\Users\cerib\OneDrive\Área de Trabalho\Desafio_InMedian\desafio-fullstack-main\api\vendor\laravel\framework\src\Illuminate\Container\Container.php(706): Illuminate\Foundation\Application->resolve('log', Array)
#5 C:\Users\cerib\OneDrive\Área de Trabalho\Desafio_InMedian\desafio-fullstack-main\api\vendor\laravel\framework\src\Illuminate\Foundation\Application.php(841): Illuminate\Container\Container->make('log', Array)
#6 C:\Users\cerib\OneDrive\Área de Trabalho\Desafio_InMedian\desafio-fullstack-main\api\vendor\laravel\framework\src\Illuminate\Foundation\Bootstrap\HandleExceptions.php(108): Illuminate\Foundation\Application->make('log')
#7 C:\Users\cerib\OneDrive\Área de Trabalho\Desafio_InMedian\desafio-fullstack-main\api\vendor\laravel\framework\src\Illuminate\Foundation\Bootstrap\HandleExceptions.php(71): Illuminate\Foundation\Bootstrap\HandleExceptions->handleDeprecationError('Monolog\\Logger:...', 'C:\\Users\\cerib\\...', 340, 8192)
#8 C:\Users\cerib\OneDrive\Área de Trabalho\Desafio_InMedian\desafio-fullstack-main\api\vendor\laravel\framework\src\Illuminate\Foundation\Bootstrap\HandleExceptions.php(270): Illuminate\Foundation\Bootstrap\HandleExceptions->handleError(8192, 'Monolog\\Logger:...', 'C:\\Users\\cerib\\...', 340)
#9 phar://C:/Program Files/Herd/resources/app.asar.unpacked/resources/valet/dump.phar/vendor/composer/ClassLoader.php(576): Illuminate\Foundation\Bootstrap\HandleExceptions->{closure:Illuminate\Foundation\Bootstrap\HandleExceptions::forwardsTo():269}(8192, 'Monolog\\Logger:...', 'C:\\Users\\cerib\\...', 340)
#10 phar://C:/Program Files/Herd/resources/app.asar.unpacked/resources/valet/dump.phar/vendor/composer/ClassLoader.php(576): include('C:\\Users\\cerib\\...')
#11 phar://C:/Program Files/Herd/resources/app.asar.unpacked/resources/valet/dump.phar/vendor/composer/ClassLoader.php(427): {closure:Composer\Autoload\ClassLoader::initializeIncludeClosure():575}('C:\\Users\\cerib\\...')
#12 C:\Users\cerib\OneDrive\Área de Trabalho\Desafio_InMedian\desafio-fullstack-main\api\vendor\laravel\framework\src\Illuminate\Log\LogServiceProvider.php(17): Composer\Autoload\ClassLoader->loadClass('Monolog\\Logger')
#13 C:\Users\cerib\OneDrive\Área de Trabalho\Desafio_InMedian\desafio-fullstack-main\api\vendor\laravel\framework\src\Illuminate\Container\Container.php(885): Illuminate\Log\LogServiceProvider->{closure:Illuminate\Log\LogServiceProvider::register():16}(Object(Illuminate\Foundation\Application), Array)
#14 C:\Users\cerib\OneDrive\Área de Trabalho\Desafio_InMedian\desafio-fullstack-main\api\vendor\laravel\framework\src\Illuminate\Container\Container.php(770): Illuminate\Container\Container->build(Object(Closure))
#15 C:\Users\cerib\OneDrive\Área de Trabalho\Desafio_InMedian\desafio-fullstack-main\api\vendor\laravel\framework\src\Illuminate\Foundation\Application.php(856): Illuminate\Container\Container->resolve('log', Array, true)
#16 C:\Users\cerib\OneDrive\Área de Trabalho\Desafio_InMedian\desafio-fullstack-main\api\vendor\laravel\framework\src\Illuminate\Container\Container.php(706): Illuminate\Foundation\Application->resolve('log', Array)
#17 C:\Users\cerib\OneDrive\Área de Trabalho\Desafio_InMedian\desafio-fullstack-main\api\vendor\laravel\framework\src\Illuminate\Foundation\Application.php(841): Illuminate\Container\Container->make('log', Array)
#18 C:\Users\cerib\OneDrive\Área de Trabalho\Desafio_InMedian\desafio-fullstack-main\api\vendor\laravel\framework\src\Illuminate\Foundation\Exceptions\Handler.php(262): Illuminate\Foundation\Application->make('log')
#19 C:\Users\cerib\OneDrive\Área de Trabalho\Desafio_InMedian\desafio-fullstack-main\api\vendor\laravel\framework\src\Illuminate\Foundation\Bootstrap\HandleExceptions.php(198): Illuminate\Foundation\Exceptions\Handler->report(Object(Error))
#20 C:\Users\cerib\OneDrive\Área de Trabalho\Desafio_InMedian\desafio-fullstack-main\api\vendor\laravel\framework\src\Illuminate\Foundation\Bootstrap\HandleExceptions.php(270): Illuminate\Foundation\Bootstrap\HandleExceptions->handleException(Object(Error))
#21 [internal function]: Illuminate\Foundation\Bootstrap\HandleExceptions->{closure:Illuminate\Foundation\Bootstrap\HandleExceptions::forwardsTo():269}(Object(Error))
#22 {main}
  thrown {"exception":"[object] (Symfony\\Component\\ErrorHandler\\Error\\FatalError(code: 0): Uncaught Error: Class \"Monolog\\Logger\" not found in C:\\Users\\cerib\\OneDrive\\Área de Trabalho\\Desafio_InMedian\\desafio-fullstack-main\\api\\vendor\\laravel\\framework\\src\\Illuminate\\Log\\LogManager.php:16
Stack trace:
#0 C:\\Users\\cerib\\OneDrive\\Área de Trabalho\\Desafio_InMedian\\desafio-fullstack-main\\api\\vendor\\laravel\\framework\\src\\Illuminate\\Log\\LogServiceProvider.php(17): [constant expression]()
#1 C:\\Users\\cerib\\OneDrive\\Área de Trabalho\\Desafio_InMedian\\desafio-fullstack-main\\api\\vendor\\laravel\\framework\\src\\Illuminate\\Container\\Container.php(885): Illuminate\\Log\\LogServiceProvider->{closure:Illuminate\\Log\\LogServiceProvider::register():16}(Object(Illuminate\\Foundation\\Application), Array)
#2 C:\\Users\\cerib\\OneDrive\\Área de Trabalho\\Desafio_InMedian\\desafio-fullstack-main\\api\\vendor\\laravel\\framework\\src\\Illuminate\\Container\\Container.php(770): Illuminate\\Container\\Container->build(Object(Closure))
#3 C:\\Users\\cerib\\OneDrive\\Área de Trabalho\\Desafio_InMedian\\desafio-fullstack-main\\api\\vendor\\laravel\\framework\\src\\Illuminate\\Foundation\\Application.php(856): Illuminate\\Container\\Container->resolve('log', Array, true)
#4 C:\\Users\\cerib\\OneDrive\\Área de Trabalho\\Desafio_InMedian\\desafio-fullstack-main\\api\\vendor\\laravel\\framework\\src\\Illuminate\\Container\\Container.php(706): Illuminate\\Foundation\\Application->resolve('log', Array)
#5 C:\\Users\\cerib\\OneDrive\\Área de Trabalho\\Desafio_InMedian\\desafio-fullstack-main\\api\\vendor\\laravel\\framework\\src\\Illuminate\\Foundation\\Application.php(841): Illuminate\\Container\\Container->make('log', Array)
#6 C:\\Users\\cerib\\OneDrive\\Área de Trabalho\\Desafio_InMedian\\desafio-fullstack-main\\api\\vendor\\laravel\\framework\\src\\Illuminate\\Foundation\\Bootstrap\\HandleExceptions.php(108): Illuminate\\Foundation\\Application->make('log')
#7 C:\\Users\\cerib\\OneDrive\\Área de Trabalho\\Desafio_InMedian\\desafio-fullstack-main\\api\\vendor\\laravel\\framework\\src\\Illuminate\\Foundation\\Bootstrap\\HandleExceptions.php(71): Illuminate\\Foundation\\Bootstrap\\HandleExceptions->handleDeprecationError('Monolog\\\\Logger:...', 'C:\\\\Users\\\\cerib\\\\...', 340, 8192)
#8 C:\\Users\\cerib\\OneDrive\\Área de Trabalho\\Desafio_InMedian\\desafio-fullstack-main\\api\\vendor\\laravel\\framework\\src\\Illuminate\\Foundation\\Bootstrap\\HandleExceptions.php(270): Illuminate\\Foundation\\Bootstrap\\HandleExceptions->handleError(8192, 'Monolog\\\\Logger:...', 'C:\\\\Users\\\\cerib\\\\...', 340)
#9 phar://C:/Program Files/Herd/resources/app.asar.unpacked/resources/valet/dump.phar/vendor/composer/ClassLoader.php(576): Illuminate\\Foundation\\Bootstrap\\HandleExceptions->{closure:Illuminate\\Foundation\\Bootstrap\\HandleExceptions::forwardsTo():269}(8192, 'Monolog\\\\Logger:...', 'C:\\\\Users\\\\cerib\\\\...', 340)
#10 phar://C:/Program Files/Herd/resources/app.asar.unpacked/resources/valet/dump.phar/vendor/composer/ClassLoader.php(576): include('C:\\\\Users\\\\cerib\\\\...')
#11 phar://C:/Program Files/Herd/resources/app.asar.unpacked/resources/valet/dump.phar/vendor/composer/ClassLoader.php(427): {closure:Composer\\Autoload\\ClassLoader::initializeIncludeClosure():575}('C:\\\\Users\\\\cerib\\\\...')
#12 C:\\Users\\cerib\\OneDrive\\Área de Trabalho\\Desafio_InMedian\\desafio-fullstack-main\\api\\vendor\\laravel\\framework\\src\\Illuminate\\Log\\LogServiceProvider.php(17): Composer\\Autoload\\ClassLoader->loadClass('Monolog\\\\Logger')
#13 C:\\Users\\cerib\\OneDrive\\Área de Trabalho\\Desafio_InMedian\\desafio-fullstack-main\\api\\vendor\\laravel\\framework\\src\\Illuminate\\Container\\Container.php(885): Illuminate\\Log\\LogServiceProvider->{closure:Illuminate\\Log\\LogServiceProvider::register():16}(Object(Illuminate\\Foundation\\Application), Array)
#14 C:\\Users\\cerib\\OneDrive\\Área de Trabalho\\Desafio_InMedian\\desafio-fullstack-main\\api\\vendor\\laravel\\framework\\src\\Illuminate\\Container\\Container.php(770): Illuminate\\Container\\Container->build(Object(Closure))
#15 C:\\Users\\cerib\\OneDrive\\Área de Trabalho\\Desafio_InMedian\\desafio-fullstack-main\\api\\vendor\\laravel\\framework\\src\\Illuminate\\Foundation\\Application.php(856): Illuminate\\Container\\Container->resolve('log', Array, true)
#16 C:\\Users\\cerib\\OneDrive\\Área de Trabalho\\Desafio_InMedian\\desafio-fullstack-main\\api\\vendor\\laravel\\framework\\src\\Illuminate\\Container\\Container.php(706): Illuminate\\Foundation\\Application->resolve('log', Array)
#17 C:\\Users\\cerib\\OneDrive\\Área de Trabalho\\Desafio_InMedian\\desafio-fullstack-main\\api\\vendor\\laravel\\framework\\src\\Illuminate\\Foundation\\Application.php(841): Illuminate\\Container\\Container->make('log', Array)
#18 C:\\Users\\cerib\\OneDrive\\Área de Trabalho\\Desafio_InMedian\\desafio-fullstack-main\\api\\vendor\\laravel\\framework\\src\\Illuminate\\Foundation\\Exceptions\\Handler.php(262): Illuminate\\Foundation\\Application->make('log')
#19 C:\\Users\\cerib\\OneDrive\\Área de Trabalho\\Desafio_InMedian\\desafio-fullstack-main\\api\\vendor\\laravel\\framework\\src\\Illuminate\\Foundation\\Bootstrap\\HandleExceptions.php(198): Illuminate\\Foundation\\Exceptions\\Handler->report(Object(Error))
#20 C:\\Users\\cerib\\OneDrive\\Área de Trabalho\\Desafio_InMedian\\desafio-fullstack-main\\api\\vendor\\laravel\\framework\\src\\Illuminate\\Foundation\\Bootstrap\\HandleExceptions.php(270): Illuminate\\Foundation\\Bootstrap\\HandleExceptions->handleException(Object(Error))
#21 [internal function]: Illuminate\\Foundation\\Bootstrap\\HandleExceptions->{closure:Illuminate\\Foundation\\Bootstrap\\HandleExceptions::forwardsTo():269}(Object(Error))
#22 {main}
  thrown at C:\\Users\\cerib\\OneDrive\\Área de Trabalho\\Desafio_InMedian\\desafio-fullstack-main\\api\\vendor\\laravel\\framework\\src\\Illuminate\\Log\\LogManager.php:16)
[stacktrace]
#0 {main}
"} 
[2026-01-13 21:30:31] local.ERROR: Uncaught Error: Class "Monolog\Logger" not found in C:\Users\cerib\OneDrive\Área de Trabalho\Desafio_InMedian\desafio-fullstack-main\api\vendor\laravel\framework\src\Illuminate\Log\LogManager.php:16
Stack trace:
#0 C:\Users\cerib\OneDrive\Área de Trabalho\Desafio_InMedian\desafio-fullstack-main\api\vendor\laravel\framework\src\Illuminate\Log\LogServiceProvider.php(17): [constant expression]()
#1 C:\Users\cerib\OneDrive\Área de Trabalho\Desafio_InMedian\desafio-fullstack-main\api\vendor\laravel\framework\src\Illuminate\Container\Container.php(885): Illuminate\Log\LogServiceProvider->{closure:Illuminate\Log\LogServiceProvider::register():16}(Object(Illuminate\Foundation\Application), Array)
#2 C:\Users\cerib\OneDrive\Área de Trabalho\Desafio_InMedian\desafio-fullstack-main\api\vendor\laravel\framework\src\Illuminate\Container\Container.php(770): Illuminate\Container\Container->build(Object(Closure))
#3 C:\Users\cerib\OneDrive\Área de Trabalho\Desafio_InMedian\desafio-fullstack-main\api\vendor\laravel\framework\src\Illuminate\Foundation\Application.php(856): Illuminate\Container\Container->resolve('log', Array, true)
#4 C:\Users\cerib\OneDrive\Área de Trabalho\Desafio_InMedian\desafio-fullstack-main\api\vendor\laravel\framework\src\Illuminate\Container\Container.php(706): Illuminate\Foundation\Application->resolve('log', Array)
#5 C:\Users\cerib\OneDrive\Área de Trabalho\Desafio_InMedian\desafio-fullstack-main\api\vendor\laravel\framework\src\Illuminate\Foundation\Application.php(841): Illuminate\Container\Container->make('log', Array)
#6 C:\Users\cerib\OneDrive\Área de Trabalho\Desafio_InMedian\desafio-fullstack-main\api\vendor\laravel\framework\src\Illuminate\Foundation\Bootstrap\HandleExceptions.php(108): Illuminate\Foundation\Application->make('log')
#7 C:\Users\cerib\OneDrive\Área de Trabalho\Desafio_InMedian\desafio-fullstack-main\api\vendor\laravel\framework\src\Illuminate\Foundation\Bootstrap\HandleExceptions.php(71): Illuminate\Foundation\Bootstrap\HandleExceptions->handleDeprecationError('Monolog\\Logger:...', 'C:\\Users\\cerib\\...', 340, 8192)
#8 C:\Users\cerib\OneDrive\Área de Trabalho\Desafio_InMedian\desafio-fullstack-main\api\vendor\laravel\framework\src\Illuminate\Foundation\Bootstrap\HandleExceptions.php(270): Illuminate\Foundation\Bootstrap\HandleExceptions->handleError(8192, 'Monolog\\Logger:...', 'C:\\Users\\cerib\\...', 340)
#9 phar://C:/Program Files/Herd/resources/app.asar.unpacked/resources/valet/dump.phar/vendor/composer/ClassLoader.php(576): Illuminate\Foundation\Bootstrap\HandleExceptions->{closure:Illuminate\Foundation\Bootstrap\HandleExceptions::forwardsTo():269}(8192, 'Monolog\\Logger:...', 'C:\\Users\\cerib\\...', 340)
#10 phar://C:/Program Files/Herd/resources/app.asar.unpacked/resources/valet/dump.phar/vendor/composer/ClassLoader.php(576): include('C:\\Users\\cerib\\...')
#11 phar://C:/Program Files/Herd/resources/app.asar.unpacked/resources/valet/dump.phar/vendor/composer/ClassLoader.php(427): {closure:Composer\Autoload\ClassLoader::initializeIncludeClosure():575}('C:\\Users\\cerib\\...')
#12 C:\Users\cerib\OneDrive\Área de Trabalho\Desafio_InMedian\desafio-fullstack-main\api\vendor\laravel\framework\src\Illuminate\Log\LogServiceProvider.php(17): Composer\Autoload\ClassLoader->loadClass('Monolog\\Logger')
#13 C:\Users\cerib\OneDrive\Área de Trabalho\Desafio_InMedian\desafio-fullstack-main\api\vendor\laravel\framework\src\Illuminate\Container\Container.php(885): Illuminate\Log\LogServiceProvider->{closure:Illuminate\Log\LogServiceProvider::register():16}(Object(Illuminate\Foundation\Application), Array)
#14 C:\Users\cerib\OneDrive\Área de Trabalho\Desafio_InMedian\desafio-fullstack-main\api\vendor\laravel\framework\src\Illuminate\Container\Container.php(770): Illuminate\Container\Container->build(Object(Closure))
#15 C:\Users\cerib\OneDrive\Área de Trabalho\Desafio_InMedian\desafio-fullstack-main\api\vendor\laravel\framework\src\Illuminate\Foundation\Application.php(856): Illuminate\Container\Container->resolve('log', Array, true)
#16 C:\Users\cerib\OneDrive\Área de Trabalho\Desafio_InMedian\desafio-fullstack-main\api\vendor\laravel\framework\src\Illuminate\Container\Container.php(706): Illuminate\Foundation\Application->resolve('log', Array)
#17 C:\Users\cerib\OneDrive\Área de Trabalho\Desafio_InMedian\desafio-fullstack-main\api\vendor\laravel\framework\src\Illuminate\Foundation\Application.php(841): Illuminate\Container\Container->make('log', Array)
#18 C:\Users\cerib\OneDrive\Área de Trabalho\Desafio_InMedian\desafio-fullstack-main\api\vendor\laravel\framework\src\Illuminate\Foundation\Exceptions\Handler.php(262): Illuminate\Foundation\Application->make('log')
#19 C:\Users\cerib\OneDrive\Área de Trabalho\Desafio_InMedian\desafio-fullstack-main\api\vendor\laravel\framework\src\Illuminate\Foundation\Bootstrap\HandleExceptions.php(198): Illuminate\Foundation\Exceptions\Handler->report(Object(Error))
#20 C:\Users\cerib\OneDrive\Área de Trabalho\Desafio_InMedian\desafio-fullstack-main\api\vendor\laravel\framework\src\Illuminate\Foundation\Bootstrap\HandleExceptions.php(270): Illuminate\Foundation\Bootstrap\HandleExceptions->handleException(Object(Error))
#21 [internal function]: Illuminate\Foundation\Bootstrap\HandleExceptions->{closure:Illuminate\Foundation\Bootstrap\HandleExceptions::forwardsTo():269}(Object(Error))
#22 {main}
  thrown {"exception":"[object] (Symfony\\Component\\ErrorHandler\\Error\\FatalError(code: 0): Uncaught Error: Class \"Monolog\\Logger\" not found in C:\\Users\\cerib\\OneDrive\\Área de Trabalho\\Desafio_InMedian\\desafio-fullstack-main\\api\\vendor\\laravel\\framework\\src\\Illuminate\\Log\\LogManager.php:16
Stack trace:
#0 C:\\Users\\cerib\\OneDrive\\Área de Trabalho\\Desafio_InMedian\\desafio-fullstack-main\\api\\vendor\\laravel\\framework\\src\\Illuminate\\Log\\LogServiceProvider.php(17): [constant expression]()
#1 C:\\Users\\cerib\\OneDrive\\Área de Trabalho\\Desafio_InMedian\\desafio-fullstack-main\\api\\vendor\\laravel\\framework\\src\\Illuminate\\Container\\Container.php(885): Illuminate\\Log\\LogServiceProvider->{closure:Illuminate\\Log\\LogServiceProvider::register():16}(Object(Illuminate\\Foundation\\Application), Array)
#2 C:\\Users\\cerib\\OneDrive\\Área de Trabalho\\Desafio_InMedian\\desafio-fullstack-main\\api\\vendor\\laravel\\framework\\src\\Illuminate\\Container\\Container.php(770): Illuminate\\Container\\Container->build(Object(Closure))
#3 C:\\Users\\cerib\\OneDrive\\Área de Trabalho\\Desafio_InMedian\\desafio-fullstack-main\\api\\vendor\\laravel\\framework\\src\\Illuminate\\Foundation\\Application.php(856): Illuminate\\Container\\Container->resolve('log', Array, true)
#4 C:\\Users\\cerib\\OneDrive\\Área de Trabalho\\Desafio_InMedian\\desafio-fullstack-main\\api\\vendor\\laravel\\framework\\src\\Illuminate\\Container\\Container.php(706): Illuminate\\Foundation\\Application->resolve('log', Array)
#5 C:\\Users\\cerib\\OneDrive\\Área de Trabalho\\Desafio_InMedian\\desafio-fullstack-main\\api\\vendor\\laravel\\framework\\src\\Illuminate\\Foundation\\Application.php(841): Illuminate\\Container\\Container->make('log', Array)
#6 C:\\Users\\cerib\\OneDrive\\Área de Trabalho\\Desafio_InMedian\\desafio-fullstack-main\\api\\vendor\\laravel\\framework\\src\\Illuminate\\Foundation\\Bootstrap\\HandleExceptions.php(108): Illuminate\\Foundation\\Application->make('log')
#7 C:\\Users\\cerib\\OneDrive\\Área de Trabalho\\Desafio_InMedian\\desafio-fullstack-main\\api\\vendor\\laravel\\framework\\src\\Illuminate\\Foundation\\Bootstrap\\HandleExceptions.php(71): Illuminate\\Foundation\\Bootstrap\\HandleExceptions->handleDeprecationError('Monolog\\\\Logger:...', 'C:\\\\Users\\\\cerib\\\\...', 340, 8192)
#8 C:\\Users\\cerib\\OneDrive\\Área de Trabalho\\Desafio_InMedian\\desafio-fullstack-main\\api\\vendor\\laravel\\framework\\src\\Illuminate\\Foundation\\Bootstrap\\HandleExceptions.php(270): Illuminate\\Foundation\\Bootstrap\\HandleExceptions->handleError(8192, 'Monolog\\\\Logger:...', 'C:\\\\Users\\\\cerib\\\\...', 340)
#9 phar://C:/Program Files/Herd/resources/app.asar.unpacked/resources/valet/dump.phar/vendor/composer/ClassLoader.php(576): Illuminate\\Foundation\\Bootstrap\\HandleExceptions->{closure:Illuminate\\Foundation\\Bootstrap\\HandleExceptions::forwardsTo():269}(8192, 'Monolog\\\\Logger:...', 'C:\\\\Users\\\\cerib\\\\...', 340)
#10 phar://C:/Program Files/Herd/resources/app.asar.unpacked/resources/valet/dump.phar/vendor/composer/ClassLoader.php(576): include('C:\\\\Users\\\\cerib\\\\...')
#11 phar://C:/Program Files/Herd/resources/app.asar.unpacked/resources/valet/dump.phar/vendor/composer/ClassLoader.php(427): {closure:Composer\\Autoload\\ClassLoader::initializeIncludeClosure():575}('C:\\\\Users\\\\cerib\\\\...')
#12 C:\\Users\\cerib\\OneDrive\\Área de Trabalho\\Desafio_InMedian\\desafio-fullstack-main\\api\\vendor\\laravel\\framework\\src\\Illuminate\\Log\\LogServiceProvider.php(17): Composer\\Autoload\\ClassLoader->loadClass('Monolog\\\\Logger')
#13 C:\\Users\\cerib\\OneDrive\\Área de Trabalho\\Desafio_InMedian\\desafio-fullstack-main\\api\\vendor\\laravel\\framework\\src\\Illuminate\\Container\\Container.php(885): Illuminate\\Log\\LogServiceProvider->{closure:Illuminate\\Log\\LogServiceProvider::register():16}(Object(Illuminate\\Foundation\\Application), Array)
#14 C:\\Users\\cerib\\OneDrive\\Área de Trabalho\\Desafio_InMedian\\desafio-fullstack-main\\api\\vendor\\laravel\\framework\\src\\Illuminate\\Container\\Container.php(770): Illuminate\\Container\\Container->build(Object(Closure))
#15 C:\\Users\\cerib\\OneDrive\\Área de Trabalho\\Desafio_InMedian\\desafio-fullstack-main\\api\\vendor\\laravel\\framework\\src\\Illuminate\\Foundation\\Application.php(856): Illuminate\\Container\\Container->resolve('log', Array, true)
#16 C:\\Users\\cerib\\OneDrive\\Área de Trabalho\\Desafio_InMedian\\desafio-fullstack-main\\api\\vendor\\laravel\\framework\\src\\Illuminate\\Container\\Container.php(706): Illuminate\\Foundation\\Application->resolve('log', Array)
#17 C:\\Users\\cerib\\OneDrive\\Área de Trabalho\\Desafio_InMedian\\desafio-fullstack-main\\api\\vendor\\laravel\\framework\\src\\Illuminate\\Foundation\\Application.php(841): Illuminate\\Container\\Container->make('log', Array)
#18 C:\\Users\\cerib\\OneDrive\\Área de Trabalho\\Desafio_InMedian\\desafio-fullstack-main\\api\\vendor\\laravel\\framework\\src\\Illuminate\\Foundation\\Exceptions\\Handler.php(262): Illuminate\\Foundation\\Application->make('log')
#19 C:\\Users\\cerib\\OneDrive\\Área de Trabalho\\Desafio_InMedian\\desafio-fullstack-main\\api\\vendor\\laravel\\framework\\src\\Illuminate\\Foundation\\Bootstrap\\HandleExceptions.php(198): Illuminate\\Foundation\\Exceptions\\Handler->report(Object(Error))
#20 C:\\Users\\cerib\\OneDrive\\Área de Trabalho\\Desafio_InMedian\\desafio-fullstack-main\\api\\vendor\\laravel\\framework\\src\\Illuminate\\Foundation\\Bootstrap\\HandleExceptions.php(270): Illuminate\\Foundation\\Bootstrap\\HandleExceptions->handleException(Object(Error))
#21 [internal function]: Illuminate\\Foundation\\Bootstrap\\HandleExceptions->{closure:Illuminate\\Foundation\\Bootstrap\\HandleExceptions::forwardsTo():269}(Object(Error))
#22 {main}
  thrown at C:\\Users\\cerib\\OneDrive\\Área de Trabalho\\Desafio_InMedian\\desafio-fullstack-main\\api\\vendor\\laravel\\framework\\src\\Illuminate\\Log\\LogManager.php:16)
[stacktrace]
#0 {main}
"} 
[2026-01-13 21:32:36] local.ERROR: The C:\Users\cerib\OneDrive\Área de Trabalho\Desafio_InMedian\desafio-fullstack-main\api\bootstrap\cache directory must be present and writable. {"exception":"[object] (Exception(code: 0): The C:\\Users\\cerib\\OneDrive\\Área de Trabalho\\Desafio_InMedian\\desafio-fullstack-main\\api\\bootstrap\\cache directory must be present and writable. at C:\\Users\\cerib\\OneDrive\\Área de Trabalho\\Desafio_InMedian\\desafio-fullstack-main\\api\\vendor\\laravel\\framework\\src\\Illuminate\\Foundation\\PackageManifest.php:178)
[stacktrace]
#0 C:\\Users\\cerib\\OneDrive\\Área de Trabalho\\Desafio_InMedian\\desafio-fullstack-main\\api\\vendor\\laravel\\framework\\src\\Illuminate\\Foundation\\PackageManifest.php(131): Illuminate\\Foundation\\PackageManifest->write(Array)
#1 C:\\Users\\cerib\\OneDrive\\Área de Trabalho\\Desafio_InMedian\\desafio-fullstack-main\\api\\vendor\\laravel\\framework\\src\\Illuminate\\Foundation\\PackageManifest.php(107): Illuminate\\Foundation\\PackageManifest->build()
#2 C:\\Users\\cerib\\OneDrive\\Área de Trabalho\\Desafio_InMedian\\desafio-fullstack-main\\api\\vendor\\laravel\\framework\\src\\Illuminate\\Foundation\\PackageManifest.php(90): Illuminate\\Foundation\\PackageManifest->getManifest()
#3 C:\\Users\\cerib\\OneDrive\\Área de Trabalho\\Desafio_InMedian\\desafio-fullstack-main\\api\\vendor\\laravel\\framework\\src\\Illuminate\\Foundation\\PackageManifest.php(79): Illuminate\\Foundation\\PackageManifest->config('aliases')
#4 C:\\Users\\cerib\\OneDrive\\Área de Trabalho\\Desafio_InMedian\\desafio-fullstack-main\\api\\vendor\\laravel\\framework\\src\\Illuminate\\Foundation\\Bootstrap\\RegisterFacades.php(26): Illuminate\\Foundation\\PackageManifest->aliases()
#5 C:\\Users\\cerib\\OneDrive\\Área de Trabalho\\Desafio_InMedian\\desafio-fullstack-main\\api\\vendor\\laravel\\framework\\src\\Illuminate\\Foundation\\Application.php(265): Illuminate\\Foundation\\Bootstrap\\RegisterFacades->bootstrap(Object(Illuminate\\Foundation\\Application))
#6 C:\\Users\\cerib\\OneDrive\\Área de Trabalho\\Desafio_InMedian\\desafio-fullstack-main\\api\\vendor\\laravel\\framework\\src\\Illuminate\\Foundation\\Console\\Kernel.php(383): Illuminate\\Foundation\\Application->bootstrapWith(Array)
#7 C:\\Users\\cerib\\OneDrive\\Área de Trabalho\\Desafio_InMedian\\desafio-fullstack-main\\api\\vendor\\laravel\\framework\\src\\Illuminate\\Foundation\\Console\\Kernel.php(153): Illuminate\\Foundation\\Console\\Kernel->bootstrap()
#8 C:\\Users\\cerib\\OneDrive\\Área de Trabalho\\Desafio_InMedian\\desafio-fullstack-main\\api\\artisan(35): Illuminate\\Foundation\\Console\\Kernel->handle(Object(Symfony\\Component\\Console\\Input\\ArgvInput), Object(Symfony\\Component\\Console\\Output\\ConsoleOutput))
#9 {main}
"} 
[2026-01-14 00:10:20] local.ERROR: The C:\Desafio_InMedian\desafio-fullstack-main\api\bootstrap\cache directory must be present and writable. {"exception":"[object] (Exception(code: 0): The C:\\Desafio_InMedian\\desafio-fullstack-main\\api\\bootstrap\\cache directory must be present and writable. at C:\\Desafio_InMedian\\desafio-fullstack-main\\api\\vendor\\laravel\\framework\\src\\Illuminate\\Foundation\\PackageManifest.php:178)
[stacktrace]
#0 C:\\Desafio_InMedian\\desafio-fullstack-main\\api\\vendor\\laravel\\framework\\src\\Illuminate\\Foundation\\PackageManifest.php(131): Illuminate\\Foundation\\PackageManifest->write(Array)
#1 C:\\Desafio_InMedian\\desafio-fullstack-main\\api\\vendor\\laravel\\framework\\src\\Illuminate\\Foundation\\PackageManifest.php(107): Illuminate\\Foundation\\PackageManifest->build()
#2 C:\\Desafio_InMedian\\desafio-fullstack-main\\api\\vendor\\laravel\\framework\\src\\Illuminate\\Foundation\\PackageManifest.php(90): Illuminate\\Foundation\\PackageManifest->getManifest()
#3 C:\\Desafio_InMedian\\desafio-fullstack-main\\api\\vendor\\laravel\\framework\\src\\Illuminate\\Foundation\\PackageManifest.php(79): Illuminate\\Foundation\\PackageManifest->config('aliases')
#4 C:\\Desafio_InMedian\\desafio-fullstack-main\\api\\vendor\\laravel\\framework\\src\\Illuminate\\Foundation\\Bootstrap\\RegisterFacades.php(26): Illuminate\\Foundation\\PackageManifest->aliases()
#5 C:\\Desafio_InMedian\\desafio-fullstack-main\\api\\vendor\\laravel\\framework\\src\\Illuminate\\Foundation\\Application.php(265): Illuminate\\Foundation\\Bootstrap\\RegisterFacades->bootstrap(Object(Illuminate\\Foundation\\Application))
#6 C:\\Desafio_InMedian\\desafio-fullstack-main\\api\\vendor\\laravel\\framework\\src\\Illuminate\\Foundation\\Console\\Kernel.php(383): Illuminate\\Foundation\\Application->bootstrapWith(Array)
#7 C:\\Desafio_InMedian\\desafio-fullstack-main\\api\\vendor\\laravel\\framework\\src\\Illuminate\\Foundation\\Console\\Kernel.php(153): Illuminate\\Foundation\\Console\\Kernel->bootstrap()
#8 C:\\Desafio_InMedian\\desafio-fullstack-main\\api\\artisan(35): Illuminate\\Foundation\\Console\\Kernel->handle(Object(Symfony\\Component\\Console\\Input\\ArgvInput), Object(Symfony\\Component\\Console\\Output\\ConsoleOutput))
#9 {main}
"} 
[2026-01-14 00:12:47] local.ERROR: The C:\Desafio_InMedian\desafio-fullstack-main\api\bootstrap\cache directory must be present and writable. {"exception":"[object] (Exception(code: 0): The C:\\Desafio_InMedian\\desafio-fullstack-main\\api\\bootstrap\\cache directory must be present and writable. at C:\\Desafio_InMedian\\desafio-fullstack-main\\api\\vendor\\laravel\\framework\\src\\Illuminate\\Foundation\\PackageManifest.php:178)
[stacktrace]
#0 C:\\Desafio_InMedian\\desafio-fullstack-main\\api\\vendor\\laravel\\framework\\src\\Illuminate\\Foundation\\PackageManifest.php(131): Illuminate\\Foundation\\PackageManifest->write(Array)
#1 C:\\Desafio_InMedian\\desafio-fullstack-main\\api\\vendor\\laravel\\framework\\src\\Illuminate\\Foundation\\PackageManifest.php(107): Illuminate\\Foundation\\PackageManifest->build()
#2 C:\\Desafio_InMedian\\desafio-fullstack-main\\api\\vendor\\laravel\\framework\\src\\Illuminate\\Foundation\\PackageManifest.php(90): Illuminate\\Foundation\\PackageManifest->getManifest()
#3 C:\\Desafio_InMedian\\desafio-fullstack-main\\api\\vendor\\laravel\\framework\\src\\Illuminate\\Foundation\\PackageManifest.php(79): Illuminate\\Foundation\\PackageManifest->config('aliases')
#4 C:\\Desafio_InMedian\\desafio-fullstack-main\\api\\vendor\\laravel\\framework\\src\\Illuminate\\Foundation\\Bootstrap\\RegisterFacades.php(26): Illuminate\\Foundation\\PackageManifest->aliases()
#5 C:\\Desafio_InMedian\\desafio-fullstack-main\\api\\vendor\\laravel\\framework\\src\\Illuminate\\Foundation\\Application.php(265): Illuminate\\Foundation\\Bootstrap\\RegisterFacades->bootstrap(Object(Illuminate\\Foundation\\Application))
#6 C:\\Desafio_InMedian\\desafio-fullstack-main\\api\\vendor\\laravel\\framework\\src\\Illuminate\\Foundation\\Console\\Kernel.php(383): Illuminate\\Foundation\\Application->bootstrapWith(Array)
#7 C:\\Desafio_InMedian\\desafio-fullstack-main\\api\\vendor\\laravel\\framework\\src\\Illuminate\\Foundation\\Console\\Kernel.php(153): Illuminate\\Foundation\\Console\\Kernel->bootstrap()
#8 C:\\Desafio_InMedian\\desafio-fullstack-main\\api\\artisan(35): Illuminate\\Foundation\\Console\\Kernel->handle(Object(Symfony\\Component\\Console\\Input\\ArgvInput), Object(Symfony\\Component\\Console\\Output\\ConsoleOutput))
#9 {main}
"} 
